0 info it worked if it ends with ok
1 verbose cli [ '/usr/bin/nodejs', '/usr/bin/npm', 'i', 'karma-cli', '-g' ]
2 info using npm@1.3.10
3 info using node@v0.10.25
4 verbose cache add [ 'karma-cli', null ]
5 verbose cache add name=undefined spec="karma-cli" args=["karma-cli",null]
6 verbose parsed url { protocol: null,
6 verbose parsed url   slashes: null,
6 verbose parsed url   auth: null,
6 verbose parsed url   host: null,
6 verbose parsed url   port: null,
6 verbose parsed url   hostname: null,
6 verbose parsed url   hash: null,
6 verbose parsed url   search: null,
6 verbose parsed url   query: null,
6 verbose parsed url   pathname: 'karma-cli',
6 verbose parsed url   path: 'karma-cli',
6 verbose parsed url   href: 'karma-cli' }
7 silly lockFile aa100f68-karma-cli karma-cli
8 verbose lock karma-cli /home/amol/.npm/aa100f68-karma-cli.lock
9 silly lockFile aa100f68-karma-cli karma-cli
10 silly lockFile aa100f68-karma-cli karma-cli
11 verbose addNamed [ 'karma-cli', '' ]
12 verbose addNamed [ null, '*' ]
13 silly lockFile 8f6f2c72-karma-cli karma-cli@
14 verbose lock karma-cli@ /home/amol/.npm/8f6f2c72-karma-cli.lock
15 silly addNameRange { name: 'karma-cli', range: '*', hasData: false }
16 verbose url raw karma-cli
17 verbose url resolving [ 'https://registry.npmjs.org/', './karma-cli' ]
18 verbose url resolved https://registry.npmjs.org/karma-cli
19 info trying registry request attempt 1 at 14:40:24
20 verbose etag "BZP1VT7P2AOLYBNMO7N10ESCI"
21 http GET https://registry.npmjs.org/karma-cli
22 http 304 https://registry.npmjs.org/karma-cli
23 silly registry.get cb [ 304,
23 silly registry.get   { date: 'Fri, 29 Jul 2016 21:40:31 GMT',
23 silly registry.get     via: '1.1 varnish',
23 silly registry.get     'cache-control': 'max-age=300',
23 silly registry.get     etag: '"BZP1VT7P2AOLYBNMO7N10ESCI"',
23 silly registry.get     age: '0',
23 silly registry.get     connection: 'keep-alive',
23 silly registry.get     'x-served-by': 'cache-sea1923-SEA',
23 silly registry.get     'x-cache': 'MISS',
23 silly registry.get     'x-cache-hits': '0',
23 silly registry.get     'x-timer': 'S1469828431.938120,VS0,VE88',
23 silly registry.get     vary: 'Accept-Encoding' } ]
24 verbose etag karma-cli from cache
25 silly addNameRange number 2 { name: 'karma-cli', range: '*', hasData: true }
26 silly addNameRange versions [ 'karma-cli',
26 silly addNameRange   [ '0.0.1',
26 silly addNameRange     '0.0.2',
26 silly addNameRange     '0.0.3',
26 silly addNameRange     '0.0.4',
26 silly addNameRange     '0.1.0',
26 silly addNameRange     '0.1.1',
26 silly addNameRange     '0.1.2',
26 silly addNameRange     '1.0.0',
26 silly addNameRange     '1.0.1' ] ]
27 verbose addNamed [ 'karma-cli', '1.0.1' ]
28 verbose addNamed [ '1.0.1', '1.0.1' ]
29 silly lockFile a1f21cc8-karma-cli-1-0-1 karma-cli@1.0.1
30 verbose lock karma-cli@1.0.1 /home/amol/.npm/a1f21cc8-karma-cli-1-0-1.lock
31 silly lockFile a1f21cc8-karma-cli-1-0-1 karma-cli@1.0.1
32 silly lockFile a1f21cc8-karma-cli-1-0-1 karma-cli@1.0.1
33 silly lockFile 8f6f2c72-karma-cli karma-cli@
34 silly lockFile 8f6f2c72-karma-cli karma-cli@
35 silly resolved [ { name: 'karma-cli',
35 silly resolved     description: 'The Karma command line interface.',
35 silly resolved     homepage: 'http://karma-runner.github.io/',
35 silly resolved     repository:
35 silly resolved      { type: 'git',
35 silly resolved        url: 'git://github.com/karma-runner/karma-cli.git' },
35 silly resolved     bugs: { url: 'https://github.com/karma-runner/karma-cli/issues' },
35 silly resolved     keywords:
35 silly resolved      [ 'karma',
35 silly resolved        'spectacular',
35 silly resolved        'runner',
35 silly resolved        'karma',
35 silly resolved        'js',
35 silly resolved        'javascript',
35 silly resolved        'testing',
35 silly resolved        'test',
35 silly resolved        'remote',
35 silly resolved        'execution' ],
35 silly resolved     author: { name: 'Vojta Jína', email: 'vojta.jina@gmail.com' },
35 silly resolved     contributors:
35 silly resolved      [ [Object],
35 silly resolved        [Object],
35 silly resolved        [Object],
35 silly resolved        [Object],
35 silly resolved        [Object],
35 silly resolved        [Object],
35 silly resolved        [Object],
35 silly resolved        [Object],
35 silly resolved        [Object] ],
35 silly resolved     dependencies: { resolve: '^1.1.6' },
35 silly resolved     devDependencies:
35 silly resolved      { 'eslint-config-standard': '^4.4.0',
35 silly resolved        'eslint-plugin-standard': '^1.3.1',
35 silly resolved        grunt: '^0.4.1',
35 silly resolved        'grunt-bump': '^0.3.1',
35 silly resolved        'grunt-conventional-changelog': '^1.2.2',
35 silly resolved        'grunt-eslint': '^17.0.0',
35 silly resolved        'grunt-npm': '0.0.2',
35 silly resolved        'load-grunt-tasks': '^3.2.0' },
35 silly resolved     preferGlobal: true,
35 silly resolved     bin: { karma: './bin/karma' },
35 silly resolved     engines: { node: '0.10 || 0.12 || 4 || 5 || 6' },
35 silly resolved     version: '1.0.1',
35 silly resolved     license: 'MIT',
35 silly resolved     readme: 'ERROR: No README data found!',
35 silly resolved     _id: 'karma-cli@1.0.1',
35 silly resolved     _from: 'karma-cli@' } ]
36 info install karma-cli@1.0.1 into /usr/local/lib
37 info installOne karma-cli@1.0.1
38 info /usr/local/lib/node_modules/karma-cli unbuild
39 info preuninstall karma-cli@1.0.1
40 info uninstall karma-cli@1.0.1
41 verbose true,/usr/local/lib/node_modules,/usr/local/lib/node_modules unbuild karma-cli@1.0.1
42 verbose /usr/local/bin,[object Object] binRoot
43 info /usr/local/lib/node_modules/karma-cli unbuild
44 info preuninstall karma-cli@1.0.1
45 info uninstall karma-cli@1.0.1
46 verbose true,/usr/local/lib/node_modules,/usr/local/lib/node_modules unbuild karma-cli@1.0.1
47 verbose /usr/local/bin,[object Object] binRoot
48 error error rolling back Error: Refusing to delete: /usr/local/bin/karma not in /usr/local/lib/node_modules/karma-cli
48 error error rolling back     at clobberFail (/usr/share/npm/lib/utils/gently-rm.js:41:12)
48 error error rolling back     at next (/usr/share/npm/lib/utils/gently-rm.js:27:14)
48 error error rolling back     at /usr/share/npm/lib/utils/gently-rm.js:36:12
48 error error rolling back     at Object.oncomplete (fs.js:107:15)
48 error error rolling back  karma-cli@1.0.1 { [Error: Refusing to delete: /usr/local/bin/karma not in /usr/local/lib/node_modules/karma-cli] code: 'EEXIST', path: '/usr/local/bin/karma' }
49 error Refusing to delete: /usr/local/bin/karma not in /usr/local/lib/node_modules/karma-cli
File exists: /usr/local/bin/karma
Move it away, and try again.
50 error System Linux 3.16.0-34-generic
51 error command "/usr/bin/nodejs" "/usr/bin/npm" "i" "karma-cli" "-g"
52 error cwd /home/amol/Desktop/drivus/drivus
53 error node -v v0.10.25
54 error npm -v 1.3.10
55 error path /usr/local/bin/karma
56 error code EEXIST
57 verbose exit [ 1, true ]
